{"uid":"90e77d76da4d309a","name":"test_route","fullName":"tests.integration.test_charm#test_route","historyId":"c46c7b95a5e5bfb2aa7f4ef280ffd49a","time":{"start":1769407985079,"stop":1769408017420,"duration":32341},"status":"broken","statusMessage":"TimeoutError: timeout waiting for bird route","statusTrace":"Traceback (most recent call last):\n  File \"/home/runner/work/wireguard-gateway-operator/wireguard-gateway-operator/.tox/integration/lib/python3.12/site-packages/_pytest/runner.py\", line 353, in from_call\n    result: TResult | None = func()\n                             ^^^^^^\n  File \"/home/runner/work/wireguard-gateway-operator/wireguard-gateway-operator/.tox/integration/lib/python3.12/site-packages/_pytest/runner.py\", line 245, in <lambda>\n    lambda: runtest_hook(item=item, **kwds),\n            ^^^^^^^^^^^^^^^^^^^^^^^^^^^^^^^\n  File \"/home/runner/work/wireguard-gateway-operator/wireguard-gateway-operator/.tox/integration/lib/python3.12/site-packages/pluggy/_hooks.py\", line 512, in __call__\n    return self._hookexec(self.name, self._hookimpls.copy(), kwargs, firstresult)\n           ^^^^^^^^^^^^^^^^^^^^^^^^^^^^^^^^^^^^^^^^^^^^^^^^^^^^^^^^^^^^^^^^^^^^^^\n  File \"/home/runner/work/wireguard-gateway-operator/wireguard-gateway-operator/.tox/integration/lib/python3.12/site-packages/pluggy/_manager.py\", line 120, in _hookexec\n    return self._inner_hookexec(hook_name, methods, kwargs, firstresult)\n           ^^^^^^^^^^^^^^^^^^^^^^^^^^^^^^^^^^^^^^^^^^^^^^^^^^^^^^^^^^^^^\n  File \"/home/runner/work/wireguard-gateway-operator/wireguard-gateway-operator/.tox/integration/lib/python3.12/site-packages/pluggy/_callers.py\", line 167, in _multicall\n    raise exception\n  File \"/home/runner/work/wireguard-gateway-operator/wireguard-gateway-operator/.tox/integration/lib/python3.12/site-packages/pluggy/_callers.py\", line 139, in _multicall\n    teardown.throw(exception)\n  File \"/home/runner/work/wireguard-gateway-operator/wireguard-gateway-operator/.tox/integration/lib/python3.12/site-packages/_pytest/logging.py\", line 850, in pytest_runtest_call\n    yield\n  File \"/home/runner/work/wireguard-gateway-operator/wireguard-gateway-operator/.tox/integration/lib/python3.12/site-packages/pluggy/_callers.py\", line 139, in _multicall\n    teardown.throw(exception)\n  File \"/home/runner/work/wireguard-gateway-operator/wireguard-gateway-operator/.tox/integration/lib/python3.12/site-packages/pluggy/_callers.py\", line 53, in run_old_style_hookwrapper\n    return result.get_result()\n           ^^^^^^^^^^^^^^^^^^^\n  File \"/home/runner/work/wireguard-gateway-operator/wireguard-gateway-operator/.tox/integration/lib/python3.12/site-packages/pluggy/_result.py\", line 103, in get_result\n    raise exc.with_traceback(tb)\n  File \"/home/runner/work/wireguard-gateway-operator/wireguard-gateway-operator/.tox/integration/lib/python3.12/site-packages/pluggy/_callers.py\", line 38, in run_old_style_hookwrapper\n    res = yield\n          ^^^^^\n  File \"/home/runner/work/wireguard-gateway-operator/wireguard-gateway-operator/.tox/integration/lib/python3.12/site-packages/pluggy/_callers.py\", line 139, in _multicall\n    teardown.throw(exception)\n  File \"/home/runner/work/wireguard-gateway-operator/wireguard-gateway-operator/.tox/integration/lib/python3.12/site-packages/_pytest/capture.py\", line 900, in pytest_runtest_call\n    return (yield)\n            ^^^^^\n  File \"/home/runner/work/wireguard-gateway-operator/wireguard-gateway-operator/.tox/integration/lib/python3.12/site-packages/pluggy/_callers.py\", line 139, in _multicall\n    teardown.throw(exception)\n  File \"/home/runner/work/wireguard-gateway-operator/wireguard-gateway-operator/.tox/integration/lib/python3.12/site-packages/_pytest/skipping.py\", line 268, in pytest_runtest_call\n    return (yield)\n            ^^^^^\n  File \"/home/runner/work/wireguard-gateway-operator/wireguard-gateway-operator/.tox/integration/lib/python3.12/site-packages/pluggy/_callers.py\", line 121, in _multicall\n    res = hook_impl.function(*args)\n          ^^^^^^^^^^^^^^^^^^^^^^^^^\n  File \"/home/runner/work/wireguard-gateway-operator/wireguard-gateway-operator/.tox/integration/lib/python3.12/site-packages/_pytest/runner.py\", line 179, in pytest_runtest_call\n    item.runtest()\n  File \"/home/runner/work/wireguard-gateway-operator/wireguard-gateway-operator/.tox/integration/lib/python3.12/site-packages/_pytest/python.py\", line 1720, in runtest\n    self.ihook.pytest_pyfunc_call(pyfuncitem=self)\n  File \"/home/runner/work/wireguard-gateway-operator/wireguard-gateway-operator/.tox/integration/lib/python3.12/site-packages/pluggy/_hooks.py\", line 512, in __call__\n    return self._hookexec(self.name, self._hookimpls.copy(), kwargs, firstresult)\n           ^^^^^^^^^^^^^^^^^^^^^^^^^^^^^^^^^^^^^^^^^^^^^^^^^^^^^^^^^^^^^^^^^^^^^^\n  File \"/home/runner/work/wireguard-gateway-operator/wireguard-gateway-operator/.tox/integration/lib/python3.12/site-packages/pluggy/_manager.py\", line 120, in _hookexec\n    return self._inner_hookexec(hook_name, methods, kwargs, firstresult)\n           ^^^^^^^^^^^^^^^^^^^^^^^^^^^^^^^^^^^^^^^^^^^^^^^^^^^^^^^^^^^^^\n  File \"/home/runner/work/wireguard-gateway-operator/wireguard-gateway-operator/.tox/integration/lib/python3.12/site-packages/pluggy/_callers.py\", line 167, in _multicall\n    raise exception\n  File \"/home/runner/work/wireguard-gateway-operator/wireguard-gateway-operator/.tox/integration/lib/python3.12/site-packages/pluggy/_callers.py\", line 139, in _multicall\n    teardown.throw(exception)\n  File \"/home/runner/work/wireguard-gateway-operator/wireguard-gateway-operator/.tox/integration/lib/python3.12/site-packages/pluggy/_callers.py\", line 53, in run_old_style_hookwrapper\n    return result.get_result()\n           ^^^^^^^^^^^^^^^^^^^\n  File \"/home/runner/work/wireguard-gateway-operator/wireguard-gateway-operator/.tox/integration/lib/python3.12/site-packages/pluggy/_result.py\", line 103, in get_result\n    raise exc.with_traceback(tb)\n  File \"/home/runner/work/wireguard-gateway-operator/wireguard-gateway-operator/.tox/integration/lib/python3.12/site-packages/pluggy/_callers.py\", line 38, in run_old_style_hookwrapper\n    res = yield\n          ^^^^^\n  File \"/home/runner/work/wireguard-gateway-operator/wireguard-gateway-operator/.tox/integration/lib/python3.12/site-packages/pluggy/_callers.py\", line 121, in _multicall\n    res = hook_impl.function(*args)\n          ^^^^^^^^^^^^^^^^^^^^^^^^^\n  File \"/home/runner/work/wireguard-gateway-operator/wireguard-gateway-operator/.tox/integration/lib/python3.12/site-packages/_pytest/python.py\", line 166, in pytest_pyfunc_call\n    result = testfunction(**testargs)\n             ^^^^^^^^^^^^^^^^^^^^^^^^\n  File \"/home/runner/work/wireguard-gateway-operator/wireguard-gateway-operator/tests/integration/test_charm.py\", line 56, in test_route\n    bird_route = wait_for_bird_route(juju, unit, ipv6=True, nexthops=4)\n                 ^^^^^^^^^^^^^^^^^^^^^^^^^^^^^^^^^^^^^^^^^^^^^^^^^^^^^^\n  File \"/home/runner/work/wireguard-gateway-operator/wireguard-gateway-operator/tests/integration/test_charm.py\", line 49, in wait_for_bird_route\n    raise TimeoutError(\"timeout waiting for bird route\")\nTimeoutError: timeout waiting for bird route","flaky":false,"newFailed":false,"newBroken":true,"newPassed":false,"retriesCount":3,"retriesStatusChange":true,"beforeStages":[{"name":"juju","time":{"start":1769407381050,"stop":1769407381394,"duration":344},"status":"passed","steps":[],"attachments":[],"parameters":[],"shouldDisplayMessage":false,"stepsCount":0,"attachmentsCount":0,"hasContent":false,"attachmentStep":false},{"name":"abort_on_fail","time":{"start":1769407985079,"stop":1769407985079,"duration":0},"status":"passed","steps":[],"attachments":[],"parameters":[],"shouldDisplayMessage":false,"stepsCount":0,"attachmentsCount":0,"hasContent":false,"attachmentStep":false}],"testStage":{"status":"broken","statusMessage":"TimeoutError: timeout waiting for bird route","statusTrace":"Traceback (most recent call last):\n  File \"/home/runner/work/wireguard-gateway-operator/wireguard-gateway-operator/.tox/integration/lib/python3.12/site-packages/_pytest/runner.py\", line 353, in from_call\n    result: TResult | None = func()\n                             ^^^^^^\n  File \"/home/runner/work/wireguard-gateway-operator/wireguard-gateway-operator/.tox/integration/lib/python3.12/site-packages/_pytest/runner.py\", line 245, in <lambda>\n    lambda: runtest_hook(item=item, **kwds),\n            ^^^^^^^^^^^^^^^^^^^^^^^^^^^^^^^\n  File \"/home/runner/work/wireguard-gateway-operator/wireguard-gateway-operator/.tox/integration/lib/python3.12/site-packages/pluggy/_hooks.py\", line 512, in __call__\n    return self._hookexec(self.name, self._hookimpls.copy(), kwargs, firstresult)\n           ^^^^^^^^^^^^^^^^^^^^^^^^^^^^^^^^^^^^^^^^^^^^^^^^^^^^^^^^^^^^^^^^^^^^^^\n  File \"/home/runner/work/wireguard-gateway-operator/wireguard-gateway-operator/.tox/integration/lib/python3.12/site-packages/pluggy/_manager.py\", line 120, in _hookexec\n    return self._inner_hookexec(hook_name, methods, kwargs, firstresult)\n           ^^^^^^^^^^^^^^^^^^^^^^^^^^^^^^^^^^^^^^^^^^^^^^^^^^^^^^^^^^^^^\n  File \"/home/runner/work/wireguard-gateway-operator/wireguard-gateway-operator/.tox/integration/lib/python3.12/site-packages/pluggy/_callers.py\", line 167, in _multicall\n    raise exception\n  File \"/home/runner/work/wireguard-gateway-operator/wireguard-gateway-operator/.tox/integration/lib/python3.12/site-packages/pluggy/_callers.py\", line 139, in _multicall\n    teardown.throw(exception)\n  File \"/home/runner/work/wireguard-gateway-operator/wireguard-gateway-operator/.tox/integration/lib/python3.12/site-packages/_pytest/logging.py\", line 850, in pytest_runtest_call\n    yield\n  File \"/home/runner/work/wireguard-gateway-operator/wireguard-gateway-operator/.tox/integration/lib/python3.12/site-packages/pluggy/_callers.py\", line 139, in _multicall\n    teardown.throw(exception)\n  File \"/home/runner/work/wireguard-gateway-operator/wireguard-gateway-operator/.tox/integration/lib/python3.12/site-packages/pluggy/_callers.py\", line 53, in run_old_style_hookwrapper\n    return result.get_result()\n           ^^^^^^^^^^^^^^^^^^^\n  File \"/home/runner/work/wireguard-gateway-operator/wireguard-gateway-operator/.tox/integration/lib/python3.12/site-packages/pluggy/_result.py\", line 103, in get_result\n    raise exc.with_traceback(tb)\n  File \"/home/runner/work/wireguard-gateway-operator/wireguard-gateway-operator/.tox/integration/lib/python3.12/site-packages/pluggy/_callers.py\", line 38, in run_old_style_hookwrapper\n    res = yield\n          ^^^^^\n  File \"/home/runner/work/wireguard-gateway-operator/wireguard-gateway-operator/.tox/integration/lib/python3.12/site-packages/pluggy/_callers.py\", line 139, in _multicall\n    teardown.throw(exception)\n  File \"/home/runner/work/wireguard-gateway-operator/wireguard-gateway-operator/.tox/integration/lib/python3.12/site-packages/_pytest/capture.py\", line 900, in pytest_runtest_call\n    return (yield)\n            ^^^^^\n  File \"/home/runner/work/wireguard-gateway-operator/wireguard-gateway-operator/.tox/integration/lib/python3.12/site-packages/pluggy/_callers.py\", line 139, in _multicall\n    teardown.throw(exception)\n  File \"/home/runner/work/wireguard-gateway-operator/wireguard-gateway-operator/.tox/integration/lib/python3.12/site-packages/_pytest/skipping.py\", line 268, in pytest_runtest_call\n    return (yield)\n            ^^^^^\n  File \"/home/runner/work/wireguard-gateway-operator/wireguard-gateway-operator/.tox/integration/lib/python3.12/site-packages/pluggy/_callers.py\", line 121, in _multicall\n    res = hook_impl.function(*args)\n          ^^^^^^^^^^^^^^^^^^^^^^^^^\n  File \"/home/runner/work/wireguard-gateway-operator/wireguard-gateway-operator/.tox/integration/lib/python3.12/site-packages/_pytest/runner.py\", line 179, in pytest_runtest_call\n    item.runtest()\n  File \"/home/runner/work/wireguard-gateway-operator/wireguard-gateway-operator/.tox/integration/lib/python3.12/site-packages/_pytest/python.py\", line 1720, in runtest\n    self.ihook.pytest_pyfunc_call(pyfuncitem=self)\n  File \"/home/runner/work/wireguard-gateway-operator/wireguard-gateway-operator/.tox/integration/lib/python3.12/site-packages/pluggy/_hooks.py\", line 512, in __call__\n    return self._hookexec(self.name, self._hookimpls.copy(), kwargs, firstresult)\n           ^^^^^^^^^^^^^^^^^^^^^^^^^^^^^^^^^^^^^^^^^^^^^^^^^^^^^^^^^^^^^^^^^^^^^^\n  File \"/home/runner/work/wireguard-gateway-operator/wireguard-gateway-operator/.tox/integration/lib/python3.12/site-packages/pluggy/_manager.py\", line 120, in _hookexec\n    return self._inner_hookexec(hook_name, methods, kwargs, firstresult)\n           ^^^^^^^^^^^^^^^^^^^^^^^^^^^^^^^^^^^^^^^^^^^^^^^^^^^^^^^^^^^^^\n  File \"/home/runner/work/wireguard-gateway-operator/wireguard-gateway-operator/.tox/integration/lib/python3.12/site-packages/pluggy/_callers.py\", line 167, in _multicall\n    raise exception\n  File \"/home/runner/work/wireguard-gateway-operator/wireguard-gateway-operator/.tox/integration/lib/python3.12/site-packages/pluggy/_callers.py\", line 139, in _multicall\n    teardown.throw(exception)\n  File \"/home/runner/work/wireguard-gateway-operator/wireguard-gateway-operator/.tox/integration/lib/python3.12/site-packages/pluggy/_callers.py\", line 53, in run_old_style_hookwrapper\n    return result.get_result()\n           ^^^^^^^^^^^^^^^^^^^\n  File \"/home/runner/work/wireguard-gateway-operator/wireguard-gateway-operator/.tox/integration/lib/python3.12/site-packages/pluggy/_result.py\", line 103, in get_result\n    raise exc.with_traceback(tb)\n  File \"/home/runner/work/wireguard-gateway-operator/wireguard-gateway-operator/.tox/integration/lib/python3.12/site-packages/pluggy/_callers.py\", line 38, in run_old_style_hookwrapper\n    res = yield\n          ^^^^^\n  File \"/home/runner/work/wireguard-gateway-operator/wireguard-gateway-operator/.tox/integration/lib/python3.12/site-packages/pluggy/_callers.py\", line 121, in _multicall\n    res = hook_impl.function(*args)\n          ^^^^^^^^^^^^^^^^^^^^^^^^^\n  File \"/home/runner/work/wireguard-gateway-operator/wireguard-gateway-operator/.tox/integration/lib/python3.12/site-packages/_pytest/python.py\", line 166, in pytest_pyfunc_call\n    result = testfunction(**testargs)\n             ^^^^^^^^^^^^^^^^^^^^^^^^\n  File \"/home/runner/work/wireguard-gateway-operator/wireguard-gateway-operator/tests/integration/test_charm.py\", line 56, in test_route\n    bird_route = wait_for_bird_route(juju, unit, ipv6=True, nexthops=4)\n                 ^^^^^^^^^^^^^^^^^^^^^^^^^^^^^^^^^^^^^^^^^^^^^^^^^^^^^^\n  File \"/home/runner/work/wireguard-gateway-operator/wireguard-gateway-operator/tests/integration/test_charm.py\", line 49, in wait_for_bird_route\n    raise TimeoutError(\"timeout waiting for bird route\")\nTimeoutError: timeout waiting for bird route","steps":[],"attachments":[{"uid":"1f7e14c020d4e3ba","name":"log","source":"1f7e14c020d4e3ba.txt","type":"text/plain","size":3475}],"parameters":[],"shouldDisplayMessage":true,"stepsCount":0,"attachmentsCount":1,"hasContent":true,"attachmentStep":false},"afterStages":[{"name":"abort_on_fail::0","time":{"start":1769408017421,"stop":1769408017422,"duration":1},"status":"passed","steps":[],"attachments":[],"parameters":[],"shouldDisplayMessage":false,"stepsCount":0,"attachmentsCount":0,"hasContent":false,"attachmentStep":false},{"name":"juju::0","time":{"start":1769408017422,"stop":1769408017633,"duration":211},"status":"passed","steps":[],"attachments":[],"parameters":[],"shouldDisplayMessage":false,"stepsCount":0,"attachmentsCount":0,"hasContent":false,"attachmentStep":false}],"labels":[{"name":"parentSuite","value":"tests.integration"},{"name":"suite","value":"test_charm"},{"name":"host","value":"runnervmymu0l"},{"name":"thread","value":"14177-MainThread"},{"name":"framework","value":"pytest"},{"name":"language","value":"cpython3"},{"name":"package","value":"tests.integration.test_charm"},{"name":"resultFormat","value":"allure2"}],"parameters":[],"links":[],"hidden":false,"retry":false,"extra":{"severity":"normal","retries":[{"uid":"fe39046d113abea2","status":"broken","statusDetails":"TimeoutError: timeout waiting for bird route","time":{"start":1769407971924,"stop":1769408003157,"duration":31233}},{"uid":"ac1adfc42e8c4ede","status":"unknown","time":{}},{"uid":"302aee7f836ea022","status":"unknown","time":{}}],"categories":[{"name":"Test defects","matchedStatuses":[]}],"history":{"statistic":{"failed":1,"broken":4,"skipped":0,"passed":6,"unknown":2,"total":13},"items":[{"uid":"cc502456aa9b1faa","reportUrl":"../22//#testresult/cc502456aa9b1faa","status":"passed","time":{"start":1769166850825,"stop":1769166864918,"duration":14093}},{"uid":"95032a932286254a","reportUrl":"../21//#testresult/95032a932286254a","status":"broken","statusDetails":"TimeoutError: timeout waiting for bird route","time":{"start":1769151129825,"stop":1769151162150,"duration":32325}},{"uid":"1bea8f0fcceda0fa","reportUrl":"../20//#testresult/1bea8f0fcceda0fa","status":"broken","statusDetails":"KeyError: 'nexthops'","time":{"start":1769149690063,"stop":1769149693190,"duration":3127}},{"uid":"7d5f8bafe234ef9","reportUrl":"../18//#testresult/7d5f8bafe234ef9","status":"passed","time":{"start":1768920789708,"stop":1768920803927,"duration":14219}},{"uid":"4b82120321432c60","reportUrl":"../17//#testresult/4b82120321432c60","status":"passed","time":{"start":1768816335471,"stop":1768816346982,"duration":11511}},{"uid":"363c526c64a2da88","reportUrl":"../16//#testresult/363c526c64a2da88","status":"passed","time":{"start":1768815817147,"stop":1768815829245,"duration":12098}},{"uid":"75656bcbe31c34a3","reportUrl":"../15//#testresult/75656bcbe31c34a3","status":"passed","time":{"start":1768813942053,"stop":1768813952970,"duration":10917}},{"uid":"256d6e294896c74d","reportUrl":"../10//#testresult/256d6e294896c74d","status":"unknown","time":{}},{"uid":"14c5a47a0a0568bb","reportUrl":"../14//#testresult/14c5a47a0a0568bb","status":"broken","statusDetails":"TypeError: '>=' not supported between instances of 'list' and 'int'","time":{"start":1768812909316,"stop":1768812910839,"duration":1523}},{"uid":"3462a5ce73b6656f","reportUrl":"../13//#testresult/3462a5ce73b6656f","status":"failed","statusDetails":"AssertionError: assert 2 == 4\n +  where 2 = len([{'dev': 'wg50001', 'flags': [], 'gateway': 'fe80::2', 'weight': 1}, {'dev': 'wg50003', 'flags': [], 'gateway': 'fe80::2', 'weight': 1}])","time":{"start":1768808231566,"stop":1768808232589,"duration":1023}},{"uid":"eb9f8677ba32060c","reportUrl":"../12//#testresult/eb9f8677ba32060c","status":"passed","time":{"start":1768806265060,"stop":1768806265227,"duration":167}},{"uid":"464620b0b7ea47a2","reportUrl":"../11//#testresult/464620b0b7ea47a2","status":"unknown","time":{}}]},"tags":[]},"source":"90e77d76da4d309a.json","parameterValues":[]}