{"uid":"991252fa17f6e0d2","name":"test_route_table","fullName":"tests.integration.test_charm#test_route_table","historyId":"5285678000f84b256ff5e8d38b9e9fa5","time":{"start":1770636445842,"stop":1770636459937,"duration":14095},"description":"\n    arrange: get the status of the deployment.\n    act: wait for bird routes to be propagated.\n    assert: verify that bird routes are established with correct nexthops on both sides.\n    ","descriptionHtml":"<pre><code>arrange: get the status of the deployment.\nact: wait for bird routes to be propagated.\nassert: verify that bird routes are established with correct nexthops on both sides.\n</code></pre>\n","status":"broken","statusMessage":"KeyError: 'nexthops'","statusTrace":"Traceback (most recent call last):\n  File \"/home/ubuntu/actions-runner/_work/wireguard-gateway-operator/wireguard-gateway-operator/.tox/integration/lib/python3.12/site-packages/_pytest/runner.py\", line 353, in from_call\n    result: TResult | None = func()\n                             ^^^^^^\n  File \"/home/ubuntu/actions-runner/_work/wireguard-gateway-operator/wireguard-gateway-operator/.tox/integration/lib/python3.12/site-packages/_pytest/runner.py\", line 245, in <lambda>\n    lambda: runtest_hook(item=item, **kwds),\n            ^^^^^^^^^^^^^^^^^^^^^^^^^^^^^^^\n  File \"/home/ubuntu/actions-runner/_work/wireguard-gateway-operator/wireguard-gateway-operator/.tox/integration/lib/python3.12/site-packages/pluggy/_hooks.py\", line 512, in __call__\n    return self._hookexec(self.name, self._hookimpls.copy(), kwargs, firstresult)\n           ^^^^^^^^^^^^^^^^^^^^^^^^^^^^^^^^^^^^^^^^^^^^^^^^^^^^^^^^^^^^^^^^^^^^^^\n  File \"/home/ubuntu/actions-runner/_work/wireguard-gateway-operator/wireguard-gateway-operator/.tox/integration/lib/python3.12/site-packages/pluggy/_manager.py\", line 120, in _hookexec\n    return self._inner_hookexec(hook_name, methods, kwargs, firstresult)\n           ^^^^^^^^^^^^^^^^^^^^^^^^^^^^^^^^^^^^^^^^^^^^^^^^^^^^^^^^^^^^^\n  File \"/home/ubuntu/actions-runner/_work/wireguard-gateway-operator/wireguard-gateway-operator/.tox/integration/lib/python3.12/site-packages/pluggy/_callers.py\", line 167, in _multicall\n    raise exception\n  File \"/home/ubuntu/actions-runner/_work/wireguard-gateway-operator/wireguard-gateway-operator/.tox/integration/lib/python3.12/site-packages/pluggy/_callers.py\", line 139, in _multicall\n    teardown.throw(exception)\n  File \"/home/ubuntu/actions-runner/_work/wireguard-gateway-operator/wireguard-gateway-operator/.tox/integration/lib/python3.12/site-packages/_pytest/logging.py\", line 850, in pytest_runtest_call\n    yield\n  File \"/home/ubuntu/actions-runner/_work/wireguard-gateway-operator/wireguard-gateway-operator/.tox/integration/lib/python3.12/site-packages/pluggy/_callers.py\", line 139, in _multicall\n    teardown.throw(exception)\n  File \"/home/ubuntu/actions-runner/_work/wireguard-gateway-operator/wireguard-gateway-operator/.tox/integration/lib/python3.12/site-packages/pluggy/_callers.py\", line 53, in run_old_style_hookwrapper\n    return result.get_result()\n           ^^^^^^^^^^^^^^^^^^^\n  File \"/home/ubuntu/actions-runner/_work/wireguard-gateway-operator/wireguard-gateway-operator/.tox/integration/lib/python3.12/site-packages/pluggy/_result.py\", line 103, in get_result\n    raise exc.with_traceback(tb)\n  File \"/home/ubuntu/actions-runner/_work/wireguard-gateway-operator/wireguard-gateway-operator/.tox/integration/lib/python3.12/site-packages/pluggy/_callers.py\", line 38, in run_old_style_hookwrapper\n    res = yield\n          ^^^^^\n  File \"/home/ubuntu/actions-runner/_work/wireguard-gateway-operator/wireguard-gateway-operator/.tox/integration/lib/python3.12/site-packages/pluggy/_callers.py\", line 139, in _multicall\n    teardown.throw(exception)\n  File \"/home/ubuntu/actions-runner/_work/wireguard-gateway-operator/wireguard-gateway-operator/.tox/integration/lib/python3.12/site-packages/_pytest/capture.py\", line 900, in pytest_runtest_call\n    return (yield)\n            ^^^^^\n  File \"/home/ubuntu/actions-runner/_work/wireguard-gateway-operator/wireguard-gateway-operator/.tox/integration/lib/python3.12/site-packages/pluggy/_callers.py\", line 139, in _multicall\n    teardown.throw(exception)\n  File \"/home/ubuntu/actions-runner/_work/wireguard-gateway-operator/wireguard-gateway-operator/.tox/integration/lib/python3.12/site-packages/_pytest/skipping.py\", line 268, in pytest_runtest_call\n    return (yield)\n            ^^^^^\n  File \"/home/ubuntu/actions-runner/_work/wireguard-gateway-operator/wireguard-gateway-operator/.tox/integration/lib/python3.12/site-packages/pluggy/_callers.py\", line 121, in _multicall\n    res = hook_impl.function(*args)\n          ^^^^^^^^^^^^^^^^^^^^^^^^^\n  File \"/home/ubuntu/actions-runner/_work/wireguard-gateway-operator/wireguard-gateway-operator/.tox/integration/lib/python3.12/site-packages/_pytest/runner.py\", line 179, in pytest_runtest_call\n    item.runtest()\n  File \"/home/ubuntu/actions-runner/_work/wireguard-gateway-operator/wireguard-gateway-operator/.tox/integration/lib/python3.12/site-packages/_pytest/python.py\", line 1720, in runtest\n    self.ihook.pytest_pyfunc_call(pyfuncitem=self)\n  File \"/home/ubuntu/actions-runner/_work/wireguard-gateway-operator/wireguard-gateway-operator/.tox/integration/lib/python3.12/site-packages/pluggy/_hooks.py\", line 512, in __call__\n    return self._hookexec(self.name, self._hookimpls.copy(), kwargs, firstresult)\n           ^^^^^^^^^^^^^^^^^^^^^^^^^^^^^^^^^^^^^^^^^^^^^^^^^^^^^^^^^^^^^^^^^^^^^^\n  File \"/home/ubuntu/actions-runner/_work/wireguard-gateway-operator/wireguard-gateway-operator/.tox/integration/lib/python3.12/site-packages/pluggy/_manager.py\", line 120, in _hookexec\n    return self._inner_hookexec(hook_name, methods, kwargs, firstresult)\n           ^^^^^^^^^^^^^^^^^^^^^^^^^^^^^^^^^^^^^^^^^^^^^^^^^^^^^^^^^^^^^\n  File \"/home/ubuntu/actions-runner/_work/wireguard-gateway-operator/wireguard-gateway-operator/.tox/integration/lib/python3.12/site-packages/pluggy/_callers.py\", line 167, in _multicall\n    raise exception\n  File \"/home/ubuntu/actions-runner/_work/wireguard-gateway-operator/wireguard-gateway-operator/.tox/integration/lib/python3.12/site-packages/pluggy/_callers.py\", line 121, in _multicall\n    res = hook_impl.function(*args)\n          ^^^^^^^^^^^^^^^^^^^^^^^^^\n  File \"/home/ubuntu/actions-runner/_work/wireguard-gateway-operator/wireguard-gateway-operator/.tox/integration/lib/python3.12/site-packages/_pytest/python.py\", line 166, in pytest_pyfunc_call\n    result = testfunction(**testargs)\n             ^^^^^^^^^^^^^^^^^^^^^^^^\n  File \"/home/ubuntu/actions-runner/_work/wireguard-gateway-operator/wireguard-gateway-operator/tests/integration/test_charm.py\", line 72, in test_route_table\n    wait_for_bird_route(juju, unit, dst=\"2001:db8::/32\", nexthops=4)\n  File \"/home/ubuntu/actions-runner/_work/wireguard-gateway-operator/wireguard-gateway-operator/tests/integration/test_charm.py\", line 55, in wait_for_bird_route\n    and len(route[\"nexthops\"]) >= nexthops\n            ~~~~~^^^^^^^^^^^^\nKeyError: 'nexthops'","flaky":false,"newFailed":false,"newBroken":true,"newPassed":false,"retriesCount":3,"retriesStatusChange":true,"beforeStages":[{"name":"juju","time":{"start":1770636362750,"stop":1770636363048,"duration":298},"status":"passed","steps":[],"attachments":[],"parameters":[],"shouldDisplayMessage":false,"stepsCount":0,"attachmentsCount":0,"hasContent":false,"attachmentStep":false}],"testStage":{"description":"\n    arrange: get the status of the deployment.\n    act: wait for bird routes to be propagated.\n    assert: verify that bird routes are established with correct nexthops on both sides.\n    ","status":"broken","statusMessage":"KeyError: 'nexthops'","statusTrace":"Traceback (most recent call last):\n  File \"/home/ubuntu/actions-runner/_work/wireguard-gateway-operator/wireguard-gateway-operator/.tox/integration/lib/python3.12/site-packages/_pytest/runner.py\", line 353, in from_call\n    result: TResult | None = func()\n                             ^^^^^^\n  File \"/home/ubuntu/actions-runner/_work/wireguard-gateway-operator/wireguard-gateway-operator/.tox/integration/lib/python3.12/site-packages/_pytest/runner.py\", line 245, in <lambda>\n    lambda: runtest_hook(item=item, **kwds),\n            ^^^^^^^^^^^^^^^^^^^^^^^^^^^^^^^\n  File \"/home/ubuntu/actions-runner/_work/wireguard-gateway-operator/wireguard-gateway-operator/.tox/integration/lib/python3.12/site-packages/pluggy/_hooks.py\", line 512, in __call__\n    return self._hookexec(self.name, self._hookimpls.copy(), kwargs, firstresult)\n           ^^^^^^^^^^^^^^^^^^^^^^^^^^^^^^^^^^^^^^^^^^^^^^^^^^^^^^^^^^^^^^^^^^^^^^\n  File \"/home/ubuntu/actions-runner/_work/wireguard-gateway-operator/wireguard-gateway-operator/.tox/integration/lib/python3.12/site-packages/pluggy/_manager.py\", line 120, in _hookexec\n    return self._inner_hookexec(hook_name, methods, kwargs, firstresult)\n           ^^^^^^^^^^^^^^^^^^^^^^^^^^^^^^^^^^^^^^^^^^^^^^^^^^^^^^^^^^^^^\n  File \"/home/ubuntu/actions-runner/_work/wireguard-gateway-operator/wireguard-gateway-operator/.tox/integration/lib/python3.12/site-packages/pluggy/_callers.py\", line 167, in _multicall\n    raise exception\n  File \"/home/ubuntu/actions-runner/_work/wireguard-gateway-operator/wireguard-gateway-operator/.tox/integration/lib/python3.12/site-packages/pluggy/_callers.py\", line 139, in _multicall\n    teardown.throw(exception)\n  File \"/home/ubuntu/actions-runner/_work/wireguard-gateway-operator/wireguard-gateway-operator/.tox/integration/lib/python3.12/site-packages/_pytest/logging.py\", line 850, in pytest_runtest_call\n    yield\n  File \"/home/ubuntu/actions-runner/_work/wireguard-gateway-operator/wireguard-gateway-operator/.tox/integration/lib/python3.12/site-packages/pluggy/_callers.py\", line 139, in _multicall\n    teardown.throw(exception)\n  File \"/home/ubuntu/actions-runner/_work/wireguard-gateway-operator/wireguard-gateway-operator/.tox/integration/lib/python3.12/site-packages/pluggy/_callers.py\", line 53, in run_old_style_hookwrapper\n    return result.get_result()\n           ^^^^^^^^^^^^^^^^^^^\n  File \"/home/ubuntu/actions-runner/_work/wireguard-gateway-operator/wireguard-gateway-operator/.tox/integration/lib/python3.12/site-packages/pluggy/_result.py\", line 103, in get_result\n    raise exc.with_traceback(tb)\n  File \"/home/ubuntu/actions-runner/_work/wireguard-gateway-operator/wireguard-gateway-operator/.tox/integration/lib/python3.12/site-packages/pluggy/_callers.py\", line 38, in run_old_style_hookwrapper\n    res = yield\n          ^^^^^\n  File \"/home/ubuntu/actions-runner/_work/wireguard-gateway-operator/wireguard-gateway-operator/.tox/integration/lib/python3.12/site-packages/pluggy/_callers.py\", line 139, in _multicall\n    teardown.throw(exception)\n  File \"/home/ubuntu/actions-runner/_work/wireguard-gateway-operator/wireguard-gateway-operator/.tox/integration/lib/python3.12/site-packages/_pytest/capture.py\", line 900, in pytest_runtest_call\n    return (yield)\n            ^^^^^\n  File \"/home/ubuntu/actions-runner/_work/wireguard-gateway-operator/wireguard-gateway-operator/.tox/integration/lib/python3.12/site-packages/pluggy/_callers.py\", line 139, in _multicall\n    teardown.throw(exception)\n  File \"/home/ubuntu/actions-runner/_work/wireguard-gateway-operator/wireguard-gateway-operator/.tox/integration/lib/python3.12/site-packages/_pytest/skipping.py\", line 268, in pytest_runtest_call\n    return (yield)\n            ^^^^^\n  File \"/home/ubuntu/actions-runner/_work/wireguard-gateway-operator/wireguard-gateway-operator/.tox/integration/lib/python3.12/site-packages/pluggy/_callers.py\", line 121, in _multicall\n    res = hook_impl.function(*args)\n          ^^^^^^^^^^^^^^^^^^^^^^^^^\n  File \"/home/ubuntu/actions-runner/_work/wireguard-gateway-operator/wireguard-gateway-operator/.tox/integration/lib/python3.12/site-packages/_pytest/runner.py\", line 179, in pytest_runtest_call\n    item.runtest()\n  File \"/home/ubuntu/actions-runner/_work/wireguard-gateway-operator/wireguard-gateway-operator/.tox/integration/lib/python3.12/site-packages/_pytest/python.py\", line 1720, in runtest\n    self.ihook.pytest_pyfunc_call(pyfuncitem=self)\n  File \"/home/ubuntu/actions-runner/_work/wireguard-gateway-operator/wireguard-gateway-operator/.tox/integration/lib/python3.12/site-packages/pluggy/_hooks.py\", line 512, in __call__\n    return self._hookexec(self.name, self._hookimpls.copy(), kwargs, firstresult)\n           ^^^^^^^^^^^^^^^^^^^^^^^^^^^^^^^^^^^^^^^^^^^^^^^^^^^^^^^^^^^^^^^^^^^^^^\n  File \"/home/ubuntu/actions-runner/_work/wireguard-gateway-operator/wireguard-gateway-operator/.tox/integration/lib/python3.12/site-packages/pluggy/_manager.py\", line 120, in _hookexec\n    return self._inner_hookexec(hook_name, methods, kwargs, firstresult)\n           ^^^^^^^^^^^^^^^^^^^^^^^^^^^^^^^^^^^^^^^^^^^^^^^^^^^^^^^^^^^^^\n  File \"/home/ubuntu/actions-runner/_work/wireguard-gateway-operator/wireguard-gateway-operator/.tox/integration/lib/python3.12/site-packages/pluggy/_callers.py\", line 167, in _multicall\n    raise exception\n  File \"/home/ubuntu/actions-runner/_work/wireguard-gateway-operator/wireguard-gateway-operator/.tox/integration/lib/python3.12/site-packages/pluggy/_callers.py\", line 121, in _multicall\n    res = hook_impl.function(*args)\n          ^^^^^^^^^^^^^^^^^^^^^^^^^\n  File \"/home/ubuntu/actions-runner/_work/wireguard-gateway-operator/wireguard-gateway-operator/.tox/integration/lib/python3.12/site-packages/_pytest/python.py\", line 166, in pytest_pyfunc_call\n    result = testfunction(**testargs)\n             ^^^^^^^^^^^^^^^^^^^^^^^^\n  File \"/home/ubuntu/actions-runner/_work/wireguard-gateway-operator/wireguard-gateway-operator/tests/integration/test_charm.py\", line 72, in test_route_table\n    wait_for_bird_route(juju, unit, dst=\"2001:db8::/32\", nexthops=4)\n  File \"/home/ubuntu/actions-runner/_work/wireguard-gateway-operator/wireguard-gateway-operator/tests/integration/test_charm.py\", line 55, in wait_for_bird_route\n    and len(route[\"nexthops\"]) >= nexthops\n            ~~~~~^^^^^^^^^^^^\nKeyError: 'nexthops'","steps":[],"attachments":[{"uid":"e082ca4cb22d472f","name":"log","source":"e082ca4cb22d472f.txt","type":"text/plain","size":6900}],"parameters":[],"shouldDisplayMessage":true,"stepsCount":0,"attachmentsCount":1,"hasContent":true,"attachmentStep":false},"afterStages":[{"name":"juju::0","time":{"start":1770636464641,"stop":1770636464813,"duration":172},"status":"passed","steps":[],"attachments":[],"parameters":[],"shouldDisplayMessage":false,"stepsCount":0,"attachmentsCount":0,"hasContent":false,"attachmentStep":false}],"labels":[{"name":"parentSuite","value":"tests.integration"},{"name":"suite","value":"test_charm"},{"name":"host","value":"github-runner"},{"name":"thread","value":"13481-MainThread"},{"name":"framework","value":"pytest"},{"name":"language","value":"cpython3"},{"name":"package","value":"tests.integration.test_charm"},{"name":"resultFormat","value":"allure2"}],"parameters":[],"links":[],"hidden":false,"retry":false,"extra":{"severity":"normal","retries":[{"uid":"9dfb1a4d63a24d1d","status":"passed","time":{"start":1770636422464,"stop":1770636439861,"duration":17397}},{"uid":"f17bd312f8582670","status":"unknown","time":{}},{"uid":"2454c3074e255c39","status":"unknown","time":{}}],"categories":[{"name":"Test defects","matchedStatuses":[]}],"history":{"statistic":{"failed":0,"broken":1,"skipped":0,"passed":12,"unknown":0,"total":13},"items":[{"uid":"f7800a5056bb7d21","reportUrl":"../42//#testresult/f7800a5056bb7d21","status":"passed","time":{"start":1770191681621,"stop":1770191694574,"duration":12953}},{"uid":"9a8597fedb714615","reportUrl":"../39//#testresult/9a8597fedb714615","status":"passed","time":{"start":1770106452426,"stop":1770106464198,"duration":11772}},{"uid":"36ea7e7f59404609","reportUrl":"../40//#testresult/36ea7e7f59404609","status":"passed","time":{"start":1770106477429,"stop":1770106494331,"duration":16902}},{"uid":"7ae83da02c7e7890","reportUrl":"../36//#testresult/7ae83da02c7e7890","status":"passed","time":{"start":1769670458070,"stop":1769670469719,"duration":11649}},{"uid":"b4f03623bddd7a38","reportUrl":"../35//#testresult/b4f03623bddd7a38","status":"passed","time":{"start":1769616110488,"stop":1769616126473,"duration":15985}},{"uid":"3b2f71498f170d67","reportUrl":"../34//#testresult/3b2f71498f170d67","status":"passed","time":{"start":1769613205820,"stop":1769613219926,"duration":14106}},{"uid":"18e7b234f341b86e","reportUrl":"../33//#testresult/18e7b234f341b86e","status":"passed","time":{"start":1769591157011,"stop":1769591170755,"duration":13744}},{"uid":"a83c426d656152a5","reportUrl":"../32//#testresult/a83c426d656152a5","status":"passed","time":{"start":1769589992157,"stop":1769590004946,"duration":12789}},{"uid":"9768e9b9019c8891","reportUrl":"../31//#testresult/9768e9b9019c8891","status":"passed","time":{"start":1769589929799,"stop":1769589950086,"duration":20287}},{"uid":"30d0f5a08b9a49cf","reportUrl":"../30//#testresult/30d0f5a08b9a49cf","status":"passed","time":{"start":1769589112699,"stop":1769589124469,"duration":11770}},{"uid":"3b2b4d4481acb1bf","reportUrl":"../29//#testresult/3b2b4d4481acb1bf","status":"passed","time":{"start":1769588032066,"stop":1769588044113,"duration":12047}},{"uid":"d0e6e52d5b1f3d01","reportUrl":"../28//#testresult/d0e6e52d5b1f3d01","status":"passed","time":{"start":1769585825742,"stop":1769585837812,"duration":12070}}]},"tags":[]},"source":"991252fa17f6e0d2.json","parameterValues":[]}