{"uid":"601870829409293e","name":"test_charm","fullName":"tests.integration.test_charm#test_charm","historyId":"1744f22735ea18576797741441ee8eda","time":{"start":1768806264865,"stop":1768806265055,"duration":190},"status":"broken","statusMessage":"jubilant._juju.CLIError: Command '['juju', 'deploy', '--model', 'jubilant-3a694281', '.', 'wireguard-a', '--config', 'advertise-prefixes=192.0.2.0/24', '--num-units', '2']' returned non-zero exit status 1.\nStderr:\nERROR charm or bundle at \".\" not found","statusTrace":"Traceback (most recent call last):\n  File \"/home/runner/work/wireguard-gateway-operator/wireguard-gateway-operator/.tox/integration/lib/python3.12/site-packages/_pytest/runner.py\", line 353, in from_call\n    result: TResult | None = func()\n                             ^^^^^^\n  File \"/home/runner/work/wireguard-gateway-operator/wireguard-gateway-operator/.tox/integration/lib/python3.12/site-packages/_pytest/runner.py\", line 245, in <lambda>\n    lambda: runtest_hook(item=item, **kwds),\n            ^^^^^^^^^^^^^^^^^^^^^^^^^^^^^^^\n  File \"/home/runner/work/wireguard-gateway-operator/wireguard-gateway-operator/.tox/integration/lib/python3.12/site-packages/pluggy/_hooks.py\", line 512, in __call__\n    return self._hookexec(self.name, self._hookimpls.copy(), kwargs, firstresult)\n           ^^^^^^^^^^^^^^^^^^^^^^^^^^^^^^^^^^^^^^^^^^^^^^^^^^^^^^^^^^^^^^^^^^^^^^\n  File \"/home/runner/work/wireguard-gateway-operator/wireguard-gateway-operator/.tox/integration/lib/python3.12/site-packages/pluggy/_manager.py\", line 120, in _hookexec\n    return self._inner_hookexec(hook_name, methods, kwargs, firstresult)\n           ^^^^^^^^^^^^^^^^^^^^^^^^^^^^^^^^^^^^^^^^^^^^^^^^^^^^^^^^^^^^^\n  File \"/home/runner/work/wireguard-gateway-operator/wireguard-gateway-operator/.tox/integration/lib/python3.12/site-packages/pluggy/_callers.py\", line 167, in _multicall\n    raise exception\n  File \"/home/runner/work/wireguard-gateway-operator/wireguard-gateway-operator/.tox/integration/lib/python3.12/site-packages/pluggy/_callers.py\", line 139, in _multicall\n    teardown.throw(exception)\n  File \"/home/runner/work/wireguard-gateway-operator/wireguard-gateway-operator/.tox/integration/lib/python3.12/site-packages/_pytest/logging.py\", line 850, in pytest_runtest_call\n    yield\n  File \"/home/runner/work/wireguard-gateway-operator/wireguard-gateway-operator/.tox/integration/lib/python3.12/site-packages/pluggy/_callers.py\", line 139, in _multicall\n    teardown.throw(exception)\n  File \"/home/runner/work/wireguard-gateway-operator/wireguard-gateway-operator/.tox/integration/lib/python3.12/site-packages/pluggy/_callers.py\", line 53, in run_old_style_hookwrapper\n    return result.get_result()\n           ^^^^^^^^^^^^^^^^^^^\n  File \"/home/runner/work/wireguard-gateway-operator/wireguard-gateway-operator/.tox/integration/lib/python3.12/site-packages/pluggy/_result.py\", line 103, in get_result\n    raise exc.with_traceback(tb)\n  File \"/home/runner/work/wireguard-gateway-operator/wireguard-gateway-operator/.tox/integration/lib/python3.12/site-packages/pluggy/_callers.py\", line 38, in run_old_style_hookwrapper\n    res = yield\n          ^^^^^\n  File \"/home/runner/work/wireguard-gateway-operator/wireguard-gateway-operator/.tox/integration/lib/python3.12/site-packages/pluggy/_callers.py\", line 139, in _multicall\n    teardown.throw(exception)\n  File \"/home/runner/work/wireguard-gateway-operator/wireguard-gateway-operator/.tox/integration/lib/python3.12/site-packages/_pytest/capture.py\", line 900, in pytest_runtest_call\n    return (yield)\n            ^^^^^\n  File \"/home/runner/work/wireguard-gateway-operator/wireguard-gateway-operator/.tox/integration/lib/python3.12/site-packages/pluggy/_callers.py\", line 139, in _multicall\n    teardown.throw(exception)\n  File \"/home/runner/work/wireguard-gateway-operator/wireguard-gateway-operator/.tox/integration/lib/python3.12/site-packages/_pytest/skipping.py\", line 268, in pytest_runtest_call\n    return (yield)\n            ^^^^^\n  File \"/home/runner/work/wireguard-gateway-operator/wireguard-gateway-operator/.tox/integration/lib/python3.12/site-packages/pluggy/_callers.py\", line 121, in _multicall\n    res = hook_impl.function(*args)\n          ^^^^^^^^^^^^^^^^^^^^^^^^^\n  File \"/home/runner/work/wireguard-gateway-operator/wireguard-gateway-operator/.tox/integration/lib/python3.12/site-packages/_pytest/runner.py\", line 179, in pytest_runtest_call\n    item.runtest()\n  File \"/home/runner/work/wireguard-gateway-operator/wireguard-gateway-operator/.tox/integration/lib/python3.12/site-packages/_pytest/python.py\", line 1720, in runtest\n    self.ihook.pytest_pyfunc_call(pyfuncitem=self)\n  File \"/home/runner/work/wireguard-gateway-operator/wireguard-gateway-operator/.tox/integration/lib/python3.12/site-packages/pluggy/_hooks.py\", line 512, in __call__\n    return self._hookexec(self.name, self._hookimpls.copy(), kwargs, firstresult)\n           ^^^^^^^^^^^^^^^^^^^^^^^^^^^^^^^^^^^^^^^^^^^^^^^^^^^^^^^^^^^^^^^^^^^^^^\n  File \"/home/runner/work/wireguard-gateway-operator/wireguard-gateway-operator/.tox/integration/lib/python3.12/site-packages/pluggy/_manager.py\", line 120, in _hookexec\n    return self._inner_hookexec(hook_name, methods, kwargs, firstresult)\n           ^^^^^^^^^^^^^^^^^^^^^^^^^^^^^^^^^^^^^^^^^^^^^^^^^^^^^^^^^^^^^\n  File \"/home/runner/work/wireguard-gateway-operator/wireguard-gateway-operator/.tox/integration/lib/python3.12/site-packages/pluggy/_callers.py\", line 167, in _multicall\n    raise exception\n  File \"/home/runner/work/wireguard-gateway-operator/wireguard-gateway-operator/.tox/integration/lib/python3.12/site-packages/pluggy/_callers.py\", line 139, in _multicall\n    teardown.throw(exception)\n  File \"/home/runner/work/wireguard-gateway-operator/wireguard-gateway-operator/.tox/integration/lib/python3.12/site-packages/pluggy/_callers.py\", line 53, in run_old_style_hookwrapper\n    return result.get_result()\n           ^^^^^^^^^^^^^^^^^^^\n  File \"/home/runner/work/wireguard-gateway-operator/wireguard-gateway-operator/.tox/integration/lib/python3.12/site-packages/pluggy/_result.py\", line 103, in get_result\n    raise exc.with_traceback(tb)\n  File \"/home/runner/work/wireguard-gateway-operator/wireguard-gateway-operator/.tox/integration/lib/python3.12/site-packages/pluggy/_callers.py\", line 38, in run_old_style_hookwrapper\n    res = yield\n          ^^^^^\n  File \"/home/runner/work/wireguard-gateway-operator/wireguard-gateway-operator/.tox/integration/lib/python3.12/site-packages/pluggy/_callers.py\", line 121, in _multicall\n    res = hook_impl.function(*args)\n          ^^^^^^^^^^^^^^^^^^^^^^^^^\n  File \"/home/runner/work/wireguard-gateway-operator/wireguard-gateway-operator/.tox/integration/lib/python3.12/site-packages/_pytest/python.py\", line 166, in pytest_pyfunc_call\n    result = testfunction(**testargs)\n             ^^^^^^^^^^^^^^^^^^^^^^^^\n  File \"/home/runner/work/wireguard-gateway-operator/wireguard-gateway-operator/tests/integration/test_charm.py\", line 20, in test_charm\n    juju.deploy(\n  File \"/home/runner/work/wireguard-gateway-operator/wireguard-gateway-operator/.tox/integration/lib/python3.12/site-packages/jubilant/_juju.py\", line 520, in deploy\n    self.cli(*args)\n  File \"/home/runner/work/wireguard-gateway-operator/wireguard-gateway-operator/.tox/integration/lib/python3.12/site-packages/jubilant/_juju.py\", line 298, in cli\n    stdout, _ = self._cli(*args, include_model=include_model, stdin=stdin)\n                ^^^^^^^^^^^^^^^^^^^^^^^^^^^^^^^^^^^^^^^^^^^^^^^^^^^^^^^^^^\n  File \"/home/runner/work/wireguard-gateway-operator/wireguard-gateway-operator/.tox/integration/lib/python3.12/site-packages/jubilant/_juju.py\", line 318, in _cli\n    raise CLIError(e.returncode, e.cmd, e.stdout, e.stderr) from None\njubilant._juju.CLIError: Command '['juju', 'deploy', '--model', 'jubilant-3a694281', '.', 'wireguard-a', '--config', 'advertise-prefixes=192.0.2.0/24', '--num-units', '2']' returned non-zero exit status 1.\nStderr:\nERROR charm or bundle at \".\" not found","flaky":false,"newFailed":false,"newBroken":true,"newPassed":false,"retriesCount":3,"retriesStatusChange":true,"beforeStages":[{"name":"juju","time":{"start":1768806264513,"stop":1768806264864,"duration":351},"status":"passed","steps":[],"attachments":[],"parameters":[],"shouldDisplayMessage":false,"stepsCount":0,"attachmentsCount":0,"hasContent":false,"attachmentStep":false},{"name":"pytestconfig","time":{"start":1768806264864,"stop":1768806264864,"duration":0},"status":"passed","steps":[],"attachments":[],"parameters":[],"shouldDisplayMessage":false,"stepsCount":0,"attachmentsCount":0,"hasContent":false,"attachmentStep":false},{"name":"wireguard_gateway_charm_file","time":{"start":1768806264864,"stop":1768806264864,"duration":0},"status":"passed","steps":[],"attachments":[],"parameters":[],"shouldDisplayMessage":false,"stepsCount":0,"attachmentsCount":0,"hasContent":false,"attachmentStep":false},{"name":"abort_on_fail","time":{"start":1768806264865,"stop":1768806264865,"duration":0},"status":"passed","steps":[],"attachments":[],"parameters":[],"shouldDisplayMessage":false,"stepsCount":0,"attachmentsCount":0,"hasContent":false,"attachmentStep":false}],"testStage":{"status":"broken","statusMessage":"jubilant._juju.CLIError: Command '['juju', 'deploy', '--model', 'jubilant-3a694281', '.', 'wireguard-a', '--config', 'advertise-prefixes=192.0.2.0/24', '--num-units', '2']' returned non-zero exit status 1.\nStderr:\nERROR charm or bundle at \".\" not found","statusTrace":"Traceback (most recent call last):\n  File \"/home/runner/work/wireguard-gateway-operator/wireguard-gateway-operator/.tox/integration/lib/python3.12/site-packages/_pytest/runner.py\", line 353, in from_call\n    result: TResult | None = func()\n                             ^^^^^^\n  File \"/home/runner/work/wireguard-gateway-operator/wireguard-gateway-operator/.tox/integration/lib/python3.12/site-packages/_pytest/runner.py\", line 245, in <lambda>\n    lambda: runtest_hook(item=item, **kwds),\n            ^^^^^^^^^^^^^^^^^^^^^^^^^^^^^^^\n  File \"/home/runner/work/wireguard-gateway-operator/wireguard-gateway-operator/.tox/integration/lib/python3.12/site-packages/pluggy/_hooks.py\", line 512, in __call__\n    return self._hookexec(self.name, self._hookimpls.copy(), kwargs, firstresult)\n           ^^^^^^^^^^^^^^^^^^^^^^^^^^^^^^^^^^^^^^^^^^^^^^^^^^^^^^^^^^^^^^^^^^^^^^\n  File \"/home/runner/work/wireguard-gateway-operator/wireguard-gateway-operator/.tox/integration/lib/python3.12/site-packages/pluggy/_manager.py\", line 120, in _hookexec\n    return self._inner_hookexec(hook_name, methods, kwargs, firstresult)\n           ^^^^^^^^^^^^^^^^^^^^^^^^^^^^^^^^^^^^^^^^^^^^^^^^^^^^^^^^^^^^^\n  File \"/home/runner/work/wireguard-gateway-operator/wireguard-gateway-operator/.tox/integration/lib/python3.12/site-packages/pluggy/_callers.py\", line 167, in _multicall\n    raise exception\n  File \"/home/runner/work/wireguard-gateway-operator/wireguard-gateway-operator/.tox/integration/lib/python3.12/site-packages/pluggy/_callers.py\", line 139, in _multicall\n    teardown.throw(exception)\n  File \"/home/runner/work/wireguard-gateway-operator/wireguard-gateway-operator/.tox/integration/lib/python3.12/site-packages/_pytest/logging.py\", line 850, in pytest_runtest_call\n    yield\n  File \"/home/runner/work/wireguard-gateway-operator/wireguard-gateway-operator/.tox/integration/lib/python3.12/site-packages/pluggy/_callers.py\", line 139, in _multicall\n    teardown.throw(exception)\n  File \"/home/runner/work/wireguard-gateway-operator/wireguard-gateway-operator/.tox/integration/lib/python3.12/site-packages/pluggy/_callers.py\", line 53, in run_old_style_hookwrapper\n    return result.get_result()\n           ^^^^^^^^^^^^^^^^^^^\n  File \"/home/runner/work/wireguard-gateway-operator/wireguard-gateway-operator/.tox/integration/lib/python3.12/site-packages/pluggy/_result.py\", line 103, in get_result\n    raise exc.with_traceback(tb)\n  File \"/home/runner/work/wireguard-gateway-operator/wireguard-gateway-operator/.tox/integration/lib/python3.12/site-packages/pluggy/_callers.py\", line 38, in run_old_style_hookwrapper\n    res = yield\n          ^^^^^\n  File \"/home/runner/work/wireguard-gateway-operator/wireguard-gateway-operator/.tox/integration/lib/python3.12/site-packages/pluggy/_callers.py\", line 139, in _multicall\n    teardown.throw(exception)\n  File \"/home/runner/work/wireguard-gateway-operator/wireguard-gateway-operator/.tox/integration/lib/python3.12/site-packages/_pytest/capture.py\", line 900, in pytest_runtest_call\n    return (yield)\n            ^^^^^\n  File \"/home/runner/work/wireguard-gateway-operator/wireguard-gateway-operator/.tox/integration/lib/python3.12/site-packages/pluggy/_callers.py\", line 139, in _multicall\n    teardown.throw(exception)\n  File \"/home/runner/work/wireguard-gateway-operator/wireguard-gateway-operator/.tox/integration/lib/python3.12/site-packages/_pytest/skipping.py\", line 268, in pytest_runtest_call\n    return (yield)\n            ^^^^^\n  File \"/home/runner/work/wireguard-gateway-operator/wireguard-gateway-operator/.tox/integration/lib/python3.12/site-packages/pluggy/_callers.py\", line 121, in _multicall\n    res = hook_impl.function(*args)\n          ^^^^^^^^^^^^^^^^^^^^^^^^^\n  File \"/home/runner/work/wireguard-gateway-operator/wireguard-gateway-operator/.tox/integration/lib/python3.12/site-packages/_pytest/runner.py\", line 179, in pytest_runtest_call\n    item.runtest()\n  File \"/home/runner/work/wireguard-gateway-operator/wireguard-gateway-operator/.tox/integration/lib/python3.12/site-packages/_pytest/python.py\", line 1720, in runtest\n    self.ihook.pytest_pyfunc_call(pyfuncitem=self)\n  File \"/home/runner/work/wireguard-gateway-operator/wireguard-gateway-operator/.tox/integration/lib/python3.12/site-packages/pluggy/_hooks.py\", line 512, in __call__\n    return self._hookexec(self.name, self._hookimpls.copy(), kwargs, firstresult)\n           ^^^^^^^^^^^^^^^^^^^^^^^^^^^^^^^^^^^^^^^^^^^^^^^^^^^^^^^^^^^^^^^^^^^^^^\n  File \"/home/runner/work/wireguard-gateway-operator/wireguard-gateway-operator/.tox/integration/lib/python3.12/site-packages/pluggy/_manager.py\", line 120, in _hookexec\n    return self._inner_hookexec(hook_name, methods, kwargs, firstresult)\n           ^^^^^^^^^^^^^^^^^^^^^^^^^^^^^^^^^^^^^^^^^^^^^^^^^^^^^^^^^^^^^\n  File \"/home/runner/work/wireguard-gateway-operator/wireguard-gateway-operator/.tox/integration/lib/python3.12/site-packages/pluggy/_callers.py\", line 167, in _multicall\n    raise exception\n  File \"/home/runner/work/wireguard-gateway-operator/wireguard-gateway-operator/.tox/integration/lib/python3.12/site-packages/pluggy/_callers.py\", line 139, in _multicall\n    teardown.throw(exception)\n  File \"/home/runner/work/wireguard-gateway-operator/wireguard-gateway-operator/.tox/integration/lib/python3.12/site-packages/pluggy/_callers.py\", line 53, in run_old_style_hookwrapper\n    return result.get_result()\n           ^^^^^^^^^^^^^^^^^^^\n  File \"/home/runner/work/wireguard-gateway-operator/wireguard-gateway-operator/.tox/integration/lib/python3.12/site-packages/pluggy/_result.py\", line 103, in get_result\n    raise exc.with_traceback(tb)\n  File \"/home/runner/work/wireguard-gateway-operator/wireguard-gateway-operator/.tox/integration/lib/python3.12/site-packages/pluggy/_callers.py\", line 38, in run_old_style_hookwrapper\n    res = yield\n          ^^^^^\n  File \"/home/runner/work/wireguard-gateway-operator/wireguard-gateway-operator/.tox/integration/lib/python3.12/site-packages/pluggy/_callers.py\", line 121, in _multicall\n    res = hook_impl.function(*args)\n          ^^^^^^^^^^^^^^^^^^^^^^^^^\n  File \"/home/runner/work/wireguard-gateway-operator/wireguard-gateway-operator/.tox/integration/lib/python3.12/site-packages/_pytest/python.py\", line 166, in pytest_pyfunc_call\n    result = testfunction(**testargs)\n             ^^^^^^^^^^^^^^^^^^^^^^^^\n  File \"/home/runner/work/wireguard-gateway-operator/wireguard-gateway-operator/tests/integration/test_charm.py\", line 20, in test_charm\n    juju.deploy(\n  File \"/home/runner/work/wireguard-gateway-operator/wireguard-gateway-operator/.tox/integration/lib/python3.12/site-packages/jubilant/_juju.py\", line 520, in deploy\n    self.cli(*args)\n  File \"/home/runner/work/wireguard-gateway-operator/wireguard-gateway-operator/.tox/integration/lib/python3.12/site-packages/jubilant/_juju.py\", line 298, in cli\n    stdout, _ = self._cli(*args, include_model=include_model, stdin=stdin)\n                ^^^^^^^^^^^^^^^^^^^^^^^^^^^^^^^^^^^^^^^^^^^^^^^^^^^^^^^^^^\n  File \"/home/runner/work/wireguard-gateway-operator/wireguard-gateway-operator/.tox/integration/lib/python3.12/site-packages/jubilant/_juju.py\", line 318, in _cli\n    raise CLIError(e.returncode, e.cmd, e.stdout, e.stderr) from None\njubilant._juju.CLIError: Command '['juju', 'deploy', '--model', 'jubilant-3a694281', '.', 'wireguard-a', '--config', 'advertise-prefixes=192.0.2.0/24', '--num-units', '2']' returned non-zero exit status 1.\nStderr:\nERROR charm or bundle at \".\" not found","steps":[],"attachments":[{"uid":"bb09f55961205a75","name":"log","source":"bb09f55961205a75.txt","type":"text/plain","size":241}],"parameters":[],"shouldDisplayMessage":true,"stepsCount":0,"attachmentsCount":1,"hasContent":true,"attachmentStep":false},"afterStages":[{"name":"abort_on_fail::0","time":{"start":1768806265058,"stop":1768806265058,"duration":0},"status":"passed","steps":[],"attachments":[],"parameters":[],"shouldDisplayMessage":false,"stepsCount":0,"attachmentsCount":0,"hasContent":false,"attachmentStep":false},{"name":"juju::0","time":{"start":1768806265228,"stop":1768806265390,"duration":162},"status":"passed","steps":[],"attachments":[],"parameters":[],"shouldDisplayMessage":false,"stepsCount":0,"attachmentsCount":0,"hasContent":false,"attachmentStep":false}],"labels":[{"name":"tag","value":"abort_on_fail"},{"name":"parentSuite","value":"tests.integration"},{"name":"suite","value":"test_charm"},{"name":"host","value":"runnervmmtnos"},{"name":"thread","value":"14454-MainThread"},{"name":"framework","value":"pytest"},{"name":"language","value":"cpython3"},{"name":"package","value":"tests.integration.test_charm"},{"name":"resultFormat","value":"allure2"}],"parameters":[],"links":[],"hidden":false,"retry":false,"extra":{"severity":"normal","retries":[{"uid":"558d79d57e9ddf11","status":"broken","statusDetails":"jubilant._juju.CLIError: Command '['juju', 'deploy', '--model', 'jubilant-e5632da5', '.', 'wireguard-a', '--config', 'advertise-prefixes=192.0.2.0/24', '--num-units', '2']' returned non-zero exit status 1.\nStderr:\nERROR attempting to deploy \".\": deploying from directory not supported","time":{"start":1768806223144,"stop":1768806223327,"duration":183}},{"uid":"25401d1ded8e471b","status":"unknown","time":{}},{"uid":"e26bc224ffd9420e","status":"unknown","time":{}}],"categories":[{"name":"Test defects","matchedStatuses":[]}],"history":{"statistic":{"failed":0,"broken":1,"skipped":0,"passed":7,"unknown":1,"total":9},"items":[{"uid":"3ecc8bc0b155ae97","reportUrl":"../11//#testresult/3ecc8bc0b155ae97","status":"unknown","time":{}},{"uid":"27c8ecc00c651e96","reportUrl":"../9//#testresult/27c8ecc00c651e96","status":"passed","time":{"start":1766040779008,"stop":1766040779186,"duration":178}},{"uid":"83446dabafb1d64","reportUrl":"../8//#testresult/83446dabafb1d64","status":"passed","time":{"start":1765787623869,"stop":1765787624041,"duration":172}},{"uid":"6ab321470acb3844","reportUrl":"../6//#testresult/6ab321470acb3844","status":"passed","time":{"start":1764738725271,"stop":1764738725427,"duration":156}},{"uid":"fa9ff818933b5586","reportUrl":"../4//#testresult/fa9ff818933b5586","status":"passed","time":{"start":1764246600278,"stop":1764246600465,"duration":187}},{"uid":"b27395093006acb5","reportUrl":"../3//#testresult/b27395093006acb5","status":"passed","time":{"start":1764245517827,"stop":1764245517990,"duration":163}},{"uid":"49412c31a2c4cc22","reportUrl":"../2//#testresult/49412c31a2c4cc22","status":"passed","time":{"start":1763666204507,"stop":1763666204689,"duration":182}},{"uid":"a7e739adeb991475","reportUrl":"../1//#testresult/a7e739adeb991475","status":"passed","time":{"start":1763593654712,"stop":1763593654895,"duration":183}}]},"tags":["abort_on_fail"]},"source":"601870829409293e.json","parameterValues":[]}